-------------------------------------------------------------------------------
Test set: com.recipes.repository.RecipeRepositoryTest
-------------------------------------------------------------------------------
Tests run: 1, Failures: 0, Errors: 1, Skipped: 0, Time elapsed: 0 s <<< FAILURE! - in com.recipes.repository.RecipeRepositoryTest
givenProductToAddShouldReturnAddedProduct  Time elapsed: 0 s  <<< ERROR!
java.lang.NullPointerException: Cannot invoke "com.recipes.repository.RecipeRepository.save(Object)" because "this.recipeRepository" is null
	at com.recipes.repository.RecipeRepositoryTest.givenProductToAddShouldReturnAddedProduct(RecipeRepositoryTest.java:35)

